<?xml version="1.0" encoding="UTF-8"?>
<!-- Generated by org.testng.reporters.JUnitXMLReporter -->
<testsuite ignored="0" hostname="AlexDELL" failures="0" tests="4" name="Regression1" time="14.2" errors="0" timestamp="2024-01-25T13:32:33 CST">
  <testcase classname="org.selenium.pom.tests.APITestCases" name="CRUDForCatalog" time="11.387"/>
  <testcase classname="org.selenium.pom.tests.APITestCases" name="CategoriesExec" time="1.108"/>
  <testcase classname="org.selenium.pom.tests.APITestCases" name="EditInvoiceInformation" time="0.9"/>
  <testcase classname="org.selenium.pom.tests.APITestCases" name="LoginExec" time="0.506"/>
</testsuite> <!-- Regression1 -->
