<?xml version="1.0" encoding="UTF-8"?>
<testsuite xmlns:xsi="http://www.w3.org/2001/XMLSchema-instance" xsi:noNamespaceSchemaLocation="https://maven.apache.org/surefire/maven-surefire-plugin/xsd/surefire-test-report-3.0.xsd" version="3.0" name="TestSuite" time="12.917" tests="4" errors="0" skipped="0" failures="0">
  <properties>
[...]
</properties>
  <testcase name="CRUDForCatalog" classname="org.selenium.pom.tests.APITestCases" time="8.881">
    <system-out><![CDATA[Headers:		authority=api-gateway.payclip.com
				accept=application/vnd.com.payclip.v1+json
				accept-language=es-US,es;q=0.9
				Content-Type=application/json
Body:
{
    "email": "alextopeteperea@gmail.com",
    "password": "ATP150493i",
    "type": "LOGIN",
    "source": "M_DASHBOARD"
}
HTTP/1.1 200 OK
Date: Thu, 25 Jan 2024 21:53:26 GMT
Content-Type: application/vnd.com.payclip.v1+json;charset=UTF-8
Content-Length: 293
Connection: keep-alive
Access-Control-Allow-Headers: Content-Type, Content-Length, Accept-Encoding, X-CSRF-Token, Authorization, accept, origin, Cache-Control, X-Requested-With
Access-Control-Allow-Methods: POST, OPTIONS, GET, PUT
Access-Control-Allow-Origin: https://lending.clip.mx, https://dashboard.clip.mx, https://minegocio.clip.mx, https://factura-tu-clip.clip.mx, https://completa-tu-pago.payclip.com, https://clip.mx, https://coupons.payclip.com, https://dashboard.developer.clip.mx, https://dashboard-mfe.clip.mx, https://mf-merchant-dashboard.clip.mx, https://completa-tu-pago2.payclip.com, https://tienda.clip.mx, https://prod-web-onboarding.payclip.com, https://mfe-react-support.payclip.com, https://mfe-mobile-payment-options.payclip.com, https://mfe-business-information.payclip.com, https://mfe-transaction-details.payclip.com, https://pago.clip.mx, https://pago.clip.mx
Cache-Control: no-cache, no-store, max-age=0, must-revalidate
Expires: 0
Pragma: no-cache
Vary: Origin
X-Xss-Protection: 1; mode=block
Strict-Transport-Security: max-age=31536000; includeSubDomains; preload;
X-Frame-Options: DENY
X-Content-Type-Options: nosniff
CF-Cache-Status: DYNAMIC
Set-Cookie: __cf_bm=XTBnky7mNmF2P6QOCXubtYoeknEAmXxGesvAJ.Kq9Fg-1706219606-1-AbKjCXOxer4ZgOFa0vNbLhVbVXqK6MysJrQwTccnNX2qGA2O1aGL4rZNNSCAc6tSJN7FuhkJx4a1zQ0pRdHH+8g=; path=/; expires=Thu, 25-Jan-24 22:23:26 GMT; domain=.payclip.com; HttpOnly; Secure; SameSite=None
Server: cloudflare
CF-RAY: 84b3bfbacd1321a1-GDL

{
    "access_token": "eyJ0eXAiOiJKV1QiLCJhbGciOiJIUzI1NiJ9.eyJpZG4iOiJkKnxiXi5BYSswVzdKbnBUIiwiaGtpIjoxLCJleHAiOjE3MDkyNDM2MDYsImlhdCI6MTcwNjIxOTYwNn0.dSk2TOoanG7yoP9I8cuHEbHFweeRm1sqo23Amh7WBUs",
    "country": "MX",
    "app_version_check": {
        "status": "ALLOWED",
        "not_allowed_from": "NA"
    },
    "days_until_exp": null
}
Headers:		accept=application/vnd.com.payclip.v1+json
				accept-language=es-US,es;q=0.9
				authorization=eyJ0eXAiOiJKV1QiLCJhbGciOiJIUzI1NiJ9.eyJpZG4iOiJkKnxiXi5BYSswVzdKbnBUIiwiaGtpIjoxLCJleHAiOjE3MDkyNDM2MDYsImlhdCI6MTcwNjIxOTYwNn0.dSk2TOoanG7yoP9I8cuHEbHFweeRm1sqo23Amh7WBUs
				Content-Type=application/json
Body:
{
    "product_name": "Test product",
    "description": "Test description for product",
    "price": 20,
    "stock": null,
    "stock_alert": null,
    "modifiers": [
        
    ],
    "images": [
        
    ]
}
HTTP/1.1 200 OK
Date: Thu, 25 Jan 2024 21:53:30 GMT
Content-Type: application/json
Transfer-Encoding: chunked
Connection: keep-alive
x-amzn-RequestId: 64084517-3047-4262-aaac-9021ede5b283
access-control-allow-origin: *
x-amz-apigw-id: SHa-MHLlvHcFX4g=
access-control-allow-methods: GET, OPTIONS, POST, PATCH, DELETE
X-Amzn-Trace-Id: Root=1-65b2d85a-6da9556009f2f42b5a332a91;Sampled=0;lineage=abf4b437:0|6ef8ccce:0
X-Cache: Miss from cloudfront
Via: 1.1 086f5ef81213c5e0bcddfdbbf2eeb930.cloudfront.net (CloudFront)
X-Amz-Cf-Pop: QRO51-P2
X-Amz-Cf-Id: H0hH-SHTEZdFn_MNVgfSNEWbYJgTX_GhagEQF41ChgsJ9cfD_uPAcg==
CF-Cache-Status: DYNAMIC
Set-Cookie: __cf_bm=444Qoi7h_NuMLIOr3b3Jgzxg0m5SvUSDodhDYhHVDBk-1706219610-1-AdhA43g0viXIpy8w0iBuwGmgVS0TkOVtYNUc79pAk5hgS1wlvkOG+ZVYgqZtBt2yRgGyeV5Xv/vxv4bSCT/hWR0=; path=/; expires=Thu, 25-Jan-24 22:23:30 GMT; domain=.payclip.com; HttpOnly; Secure; SameSite=None
Server: cloudflare
CF-RAY: 84b3bfd57f9121b2-GDL
Content-Encoding: gzip

{
    "meta": {
        "type": "product"
    },
    "messages": [
        
    ],
    "data": {
        "product_id": "2f1d3084-e99e-4b57-95c9-dc9720b468ad",
        "product_name": "Test product",
        "description": "Test description for product",
        "image": null,
        "version": 1,
        "categories": [
            
        ],
        "modifiers": [
            
        ],
        "number_of_variants": 0,
        "stock": null,
        "sku": null,
        "price": 20.0,
        "attributes": [
            
        ],
        "images": [
            
        ]
    }
}
Body:			<none>
Headers:		accept=application/vnd.com.payclip.v1+json
				accept-language=es-US,es;q=0.9
				authorization=eyJ0eXAiOiJKV1QiLCJhbGciOiJIUzI1NiJ9.eyJpZG4iOiJkKnxiXi5BYSswVzdKbnBUIiwiaGtpIjoxLCJleHAiOjE3MDkyNDM2MDYsImlhdCI6MTcwNjIxOTYwNn0.dSk2TOoanG7yoP9I8cuHEbHFweeRm1sqo23Amh7WBUs
HTTP/1.1 204 No Content
Date: Thu, 25 Jan 2024 21:53:31 GMT
Content-Type: application/json
Connection: keep-alive
x-amzn-RequestId: b6e9d389-dc70-4146-807f-6715aad29fd2
access-control-allow-origin: *
x-amz-apigw-id: SHa-TEVwPHcF8MQ=
access-control-allow-methods: GET, OPTIONS, POST, PATCH, DELETE
X-Amzn-Trace-Id: Root=1-65b2d85b-20453c5d2e255ab17c763419;Sampled=1;lineage=6ef8ccce:0
X-Cache: Miss from cloudfront
Via: 1.1 76eabe4899db1a25e6e3d1a73161d5e4.cloudfront.net (CloudFront)
X-Amz-Cf-Pop: QRO51-P2
X-Amz-Cf-Id: vif4BVmE0xfE3bGHDocWCoAG-cC35fkDYnS3C47aGp1rieq3Kis2xQ==
CF-Cache-Status: DYNAMIC
Set-Cookie: __cf_bm=MHG89_hI4nrPiBvf6nfJQN5ePP5kA2PH.uVMpg99FIU-1706219611-1-Acp2Xc9IFmXs8E5c02O2B3zmVA+rbcRPj9HLfh0DXqFBpD647h+GrQpzAdurY//zQ7mjIYAGh9wvGpfGI6lohz4=; path=/; expires=Thu, 25-Jan-24 22:23:31 GMT; domain=.payclip.com; HttpOnly; Secure; SameSite=None
Server: cloudflare
CF-RAY: 84b3bfd9bcee219c-GDL
]]></system-out>
    <system-err><![CDATA[SLF4J: No SLF4J providers were found.
SLF4J: Defaulting to no-operation (NOP) logger implementation
SLF4J: See https://www.slf4j.org/codes.html#noProviders for further details.
]]></system-err>
  </testcase>
  <testcase name="CategoriesExec" classname="org.selenium.pom.tests.APITestCases" time="1.004">
    <system-out><![CDATA[Headers:		authority=api-gateway.payclip.com
				accept=application/vnd.com.payclip.v1+json
				accept-language=es-US,es;q=0.9
				Content-Type=application/json
Body:
{
    "email": "alextopeteperea@gmail.com",
    "password": "ATP150493i",
    "type": "LOGIN",
    "source": "M_DASHBOARD"
}
HTTP/1.1 200 OK
Date: Thu, 25 Jan 2024 21:53:31 GMT
Content-Type: application/vnd.com.payclip.v1+json;charset=UTF-8
Content-Length: 293
Connection: keep-alive
Access-Control-Allow-Headers: Content-Type, Content-Length, Accept-Encoding, X-CSRF-Token, Authorization, accept, origin, Cache-Control, X-Requested-With
Access-Control-Allow-Methods: POST, OPTIONS, GET, PUT
Access-Control-Allow-Origin: https://lending.clip.mx, https://dashboard.clip.mx, https://minegocio.clip.mx, https://factura-tu-clip.clip.mx, https://completa-tu-pago.payclip.com, https://clip.mx, https://coupons.payclip.com, https://dashboard.developer.clip.mx, https://dashboard-mfe.clip.mx, https://mf-merchant-dashboard.clip.mx, https://completa-tu-pago2.payclip.com, https://tienda.clip.mx, https://prod-web-onboarding.payclip.com, https://mfe-react-support.payclip.com, https://mfe-mobile-payment-options.payclip.com, https://mfe-business-information.payclip.com, https://mfe-transaction-details.payclip.com, https://pago.clip.mx, https://pago.clip.mx
Cache-Control: no-cache, no-store, max-age=0, must-revalidate
Expires: 0
Pragma: no-cache
Vary: Origin
X-Xss-Protection: 1; mode=block
Strict-Transport-Security: max-age=31536000; includeSubDomains; preload;
X-Frame-Options: DENY
X-Content-Type-Options: nosniff
CF-Cache-Status: DYNAMIC
Set-Cookie: __cf_bm=LKxIy62UKzlvpJOT5S4JN8zbtlbYu.l9PMvL9i655Tc-1706219611-1-ARYYHZDF8ybeUFF2BhMFYaIbYN0cGL4iWbamzrPMTCyvGUmwwUGPy4JdqfHaEod91vUR8muqhJnXlFNUz4cPaFc=; path=/; expires=Thu, 25-Jan-24 22:23:31 GMT; domain=.payclip.com; HttpOnly; Secure; SameSite=None
Server: cloudflare
CF-RAY: 84b3bfdc5b1f21a8-GDL

{
    "access_token": "eyJ0eXAiOiJKV1QiLCJhbGciOiJIUzI1NiJ9.eyJpZG4iOiJ0PkIlUCV0XUghbFA9KCZHIiwiaGtpIjoxLCJleHAiOjE3MDkyNDM2MTEsImlhdCI6MTcwNjIxOTYxMX0.N8c6U7y-P6HqG6m8B3iHjD3fytY2Y7y84O3UchKqC2o",
    "country": "MX",
    "app_version_check": {
        "status": "ALLOWED",
        "not_allowed_from": "NA"
    },
    "days_until_exp": null
}
Headers:		accept=application/vnd.com.payclip.v1+json
				accept-language=es-US,es;q=0.9
				authorization=eyJ0eXAiOiJKV1QiLCJhbGciOiJIUzI1NiJ9.eyJpZG4iOiJ0PkIlUCV0XUghbFA9KCZHIiwiaGtpIjoxLCJleHAiOjE3MDkyNDM2MTEsImlhdCI6MTcwNjIxOTYxMX0.N8c6U7y-P6HqG6m8B3iHjD3fytY2Y7y84O3UchKqC2o
HTTP/1.1 200 OK
Date: Thu, 25 Jan 2024 21:53:32 GMT
Content-Type: application/json
Transfer-Encoding: chunked
Connection: keep-alive
x-amzn-RequestId: 790e1a75-859a-49fd-b874-2467de01bcc7
access-control-allow-origin: *
x-amz-apigw-id: SHa-cFvzvHcFojQ=
access-control-allow-methods: GET, OPTIONS, POST, PATCH, DELETE
X-Amzn-Trace-Id: Root=1-65b2d85c-68c8489b33654d6f306f564a;Sampled=0;lineage=abf4b437:0|6ef8ccce:0
X-Cache: Miss from cloudfront
Via: 1.1 0dcf82683e3c4073ff8fa3939ae956a6.cloudfront.net (CloudFront)
X-Amz-Cf-Pop: QRO51-P2
X-Amz-Cf-Id: ND4CfNPU-Wf2c4xHd89gCEclEKJw_hjHj-NFkPGkg_bO21ndM8-kFg==
CF-Cache-Status: DYNAMIC
Set-Cookie: __cf_bm=6FBtXqFifhTb1UczGmcgr6NkkBEvtikWKKoz8a.6wQM-1706219612-1-AeFs/fpxX7Q3ludmz/zgLn+Mfwy9WcEVBGP6+88spd4CoXFln61uj8bGmy2zbA/ah5clQ3IsTOR2jEfPrzmF3DE=; path=/; expires=Thu, 25-Jan-24 22:23:32 GMT; domain=.payclip.com; HttpOnly; Secure; SameSite=None
Server: cloudflare
CF-RAY: 84b3bfdfaaed21a4-GDL
Content-Encoding: gzip

{
    "messages": [
        
    ],
    "data": [
        {
            "category_id": "de7e02fd-fb1a-4ce6-bd9c-4f3862a3117c",
            "category_name": "Fitness",
            "description": null,
            "products": [
                
            ],
            "image": null
        },
        {
            "category_id": "af2f66d9-2adb-4eb8-b292-a43a0cc609db",
            "category_name": "Home",
            "description": null,
            "products": [
                
            ],
            "image": null
        }
    ],
    "meta": {
        "type": "category"
    }
}
]]></system-out>
  </testcase>
  <testcase name="EditInvoiceInformation" classname="org.selenium.pom.tests.APITestCases" time="1.041">
    <system-out><![CDATA[Headers:		authority=api-gateway.payclip.com
				accept=application/vnd.com.payclip.v1+json
				accept-language=es-US,es;q=0.9
				Content-Type=application/json
Body:
{
    "email": "alextopeteperea@gmail.com",
    "password": "ATP150493i",
    "type": "LOGIN",
    "source": "M_DASHBOARD"
}
HTTP/1.1 200 OK
Date: Thu, 25 Jan 2024 21:53:32 GMT
Content-Type: application/vnd.com.payclip.v1+json;charset=UTF-8
Content-Length: 293
Connection: keep-alive
Access-Control-Allow-Headers: Content-Type, Content-Length, Accept-Encoding, X-CSRF-Token, Authorization, accept, origin, Cache-Control, X-Requested-With
Access-Control-Allow-Methods: POST, OPTIONS, GET, PUT
Access-Control-Allow-Origin: https://lending.clip.mx, https://dashboard.clip.mx, https://minegocio.clip.mx, https://factura-tu-clip.clip.mx, https://completa-tu-pago.payclip.com, https://clip.mx, https://coupons.payclip.com, https://dashboard.developer.clip.mx, https://dashboard-mfe.clip.mx, https://mf-merchant-dashboard.clip.mx, https://completa-tu-pago3.payclip.com, https://tienda.clip.mx, https://prod-web-onboarding.payclip.com, https://mfe-react-support.payclip.com, https://mfe-mobile-payment-options.payclip.com, https://mfe-business-information.payclip.com, https://mfe-transaction-details.payclip.com, https://pago.clip.mx
Cache-Control: no-cache, no-store, max-age=0, must-revalidate
Expires: 0
Pragma: no-cache
Vary: Origin
X-Xss-Protection: 1; mode=block
Strict-Transport-Security: max-age=31536000; includeSubDomains; preload;
X-Frame-Options: DENY
X-Content-Type-Options: nosniff
CF-Cache-Status: DYNAMIC
Set-Cookie: __cf_bm=.ED3QivvZ6i2PaejSDzaIEQKVNw_GDsp2axOiTuInqw-1706219612-1-AStwuE8e6TOdhQlCpOdtpsky0KFm3qhX8bksQ3yl/wCF86IrlC1OiEAb14X+aEKujxlX7IOOgc0SJaS/4wQZYwA=; path=/; expires=Thu, 25-Jan-24 22:23:32 GMT; domain=.payclip.com; HttpOnly; Secure; SameSite=None
Server: cloudflare
CF-RAY: 84b3bfe26e4821a7-GDL

{
    "access_token": "eyJ0eXAiOiJKV1QiLCJhbGciOiJIUzI1NiJ9.eyJpZG4iOiJ3SElvVGFIZk83LmdHLWhXIiwiaGtpIjoxLCJleHAiOjE3MDkyNDM2MTIsImlhdCI6MTcwNjIxOTYxMn0.rkcdicUA6Pu9YoG0TKcfJn2nxJxsNreTeabjv2wr83g",
    "country": "MX",
    "app_version_check": {
        "status": "ALLOWED",
        "not_allowed_from": "NA"
    },
    "days_until_exp": null
}
Body:
{
    "invoicing": {
        "tax_payer_id": "TOPA930415C93",
        "legal_entity_name": "ALEJANDRO TOPETE PEREA",
        "legal_entity_last_name": "",
        "legal_entity_second_last_name": "",
        "entity_type": "PHYSICAL",
        "fiscal_address_postal_code": "44210",
        "sat_tax_regime_code": "626",
        "sat_invoice_use_code": "G03"
    }
}
HTTP/1.1 200 OK
Date: Thu, 25 Jan 2024 21:53:33 GMT
Content-Type: application/json
Transfer-Encoding: chunked
Connection: keep-alive
x-amzn-RequestId: 5141b4dd-5c22-4201-89a6-c5e022764cb8
access-control-allow-origin: *
x-amz-apigw-id: SHa-mEJ0vHcF0rw=
access-control-allow-methods: GET, OPTIONS, POST, PATCH
X-Amzn-Trace-Id: Root=1-65b2d85d-73b797196cd1127011f73761;Sampled=0;lineage=abf4b437:0|2282a96f:0
X-Cache: Miss from cloudfront
Via: 1.1 d505899590a60b4b8def2c8d7f6e423e.cloudfront.net (CloudFront)
X-Amz-Cf-Pop: QRO51-P2
X-Amz-Cf-Id: ZuvENRcmUYGdEFvn338uVHT4rzE-MsyVPm7wIjf0HNiTl7givRfkDQ==
CF-Cache-Status: DYNAMIC
Set-Cookie: __cf_bm=ft_6f4x360D6ACQ.fpM_wwjuuqyAvnepYA8nbF1JClE-1706219613-1-ATWixHVYEaBVhdzUPYTlrhW60SXErMZxyTmmuTRUc183dYJ8XmAHaPmen2hFDDQ01fpOPUGu+km2ZDEwePAQjA4=; path=/; expires=Thu, 25-Jan-24 22:23:33 GMT; domain=.payclip.com; HttpOnly; Secure; SameSite=None
Server: cloudflare
CF-RAY: 84b3bfe60f3721b2-GDL
Content-Encoding: gzip

{
    "tax_payer_id": "TOPA930415C93",
    "legal_entity_name": "ALEJANDRO TOPETE PEREA",
    "legal_entity_last_name": "",
    "legal_entity_second_last_name": "",
    "fiscal_address_postal_code": "44210",
    "sat_tax_regime_code": "626",
    "sat_tax_regime_description": "Régimen Simplificado de Confianza",
    "sat_invoice_use_code": "G03",
    "sat_invoice_use_description": "Gastos en general",
    "entity_type": "PHYSICAL"
}
]]></system-out>
  </testcase>
  <testcase name="LoginExec" classname="org.selenium.pom.tests.APITestCases" time="0.964">
    <system-out><![CDATA[Headers:		authority=api-gateway.payclip.com
				accept=application/vnd.com.payclip.v1+json
				accept-language=es-US,es;q=0.9
				Content-Type=application/json
Body:
{
    "email": "alextopeteperea@gmail.com",
    "password": "ATP150493i",
    "type": "LOGIN",
    "source": "M_DASHBOARD"
}
HTTP/1.1 200 OK
Date: Thu, 25 Jan 2024 21:53:34 GMT
Content-Type: application/vnd.com.payclip.v1+json;charset=UTF-8
Content-Length: 293
Connection: keep-alive
Access-Control-Allow-Headers: Content-Type, Content-Length, Accept-Encoding, X-CSRF-Token, Authorization, accept, origin, Cache-Control, X-Requested-With
Access-Control-Allow-Methods: POST, OPTIONS, GET, PUT
Access-Control-Allow-Origin: https://lending.clip.mx, https://dashboard.clip.mx, https://minegocio.clip.mx, https://factura-tu-clip.clip.mx, https://completa-tu-pago.payclip.com, https://clip.mx, https://coupons.payclip.com, https://dashboard.developer.clip.mx, https://dashboard-mfe.clip.mx, https://mf-merchant-dashboard.clip.mx, https://completa-tu-pago3.payclip.com, https://tienda.clip.mx, https://prod-web-onboarding.payclip.com, https://mfe-react-support.payclip.com, https://mfe-mobile-payment-options.payclip.com, https://mfe-business-information.payclip.com, https://mfe-transaction-details.payclip.com, https://pago.clip.mx
Cache-Control: no-cache, no-store, max-age=0, must-revalidate
Expires: 0
Pragma: no-cache
Vary: Origin
X-Xss-Protection: 1; mode=block
Strict-Transport-Security: max-age=31536000; includeSubDomains; preload;
X-Frame-Options: DENY
X-Content-Type-Options: nosniff
CF-Cache-Status: DYNAMIC
Set-Cookie: __cf_bm=.DRisLpP4v_WbHTkTW.2MRYgDf..icw5exfXnvPrISg-1706219614-1-AUQrPjqs1qid6yCXmWenhuNIe1GjjNFjhp9k6voQz82Fl0FT9acCK7hKx7JEjVKCLr1Ph604deIpxNgBQ9kfv+g=; path=/; expires=Thu, 25-Jan-24 22:23:34 GMT; domain=.payclip.com; HttpOnly; Secure; SameSite=None
Server: cloudflare
CF-RAY: 84b3bfe97c5721a8-GDL

{
    "access_token": "eyJ0eXAiOiJKV1QiLCJhbGciOiJIUzI1NiJ9.eyJpZG4iOiJ6R3RiVHNiKipIXktHPFZJIiwiaGtpIjoxLCJleHAiOjE3MDkyNDM2MTQsImlhdCI6MTcwNjIxOTYxNH0.wowMCCxTiQQp6quwJAv1Et8u7L9HhSzeQDf2p99-OzI",
    "country": "MX",
    "app_version_check": {
        "status": "ALLOWED",
        "not_allowed_from": "NA"
    },
    "days_until_exp": null
}
]]></system-out>
  </testcase>
</testsuite>