<?xml version="1.0" encoding="UTF-8"?>
<testng-results ignored="0" total="3" passed="3" failed="0" skipped="0">
  <reporter-output>
  </reporter-output>
  <suite started-at="2024-01-20T22:52:40 CST" name="Suite1" finished-at="2024-01-20T22:52:53 CST" duration-ms="13258">
    <groups>
    </groups>
    <test started-at="2024-01-20T22:52:40 CST" name="Regression1" finished-at="2024-01-20T22:52:53 CST" duration-ms="13258">
      <class name="org.selenium.pom.tests.APITestCases">
        <test-method signature="CRUDForCatalog()[pri:0, instance:org.selenium.pom.tests.APITestCases@4d8539de]" started-at="2024-01-20T22:52:40 CST" name="CRUDForCatalog" description="Make a CRUD for Catalog single product" finished-at="2024-01-20T22:52:51 CST" duration-ms="11235" status="PASS">
          <reporter-output>
          </reporter-output>
        </test-method> <!-- CRUDForCatalog -->
        <test-method signature="CategoriesExec()[pri:0, instance:org.selenium.pom.tests.APITestCases@4d8539de]" started-at="2024-01-20T22:52:52 CST" name="CategoriesExec" description="Get Catalog Categories" finished-at="2024-01-20T22:52:53 CST" duration-ms="1276" status="PASS">
          <reporter-output>
          </reporter-output>
        </test-method> <!-- CategoriesExec -->
        <test-method signature="LoginExec()[pri:0, instance:org.selenium.pom.tests.APITestCases@4d8539de]" started-at="2024-01-20T22:52:53 CST" name="LoginExec" description="Should be able to login and get access token" finished-at="2024-01-20T22:52:53 CST" duration-ms="491" status="PASS">
          <reporter-output>
          </reporter-output>
        </test-method> <!-- LoginExec -->
      </class> <!-- org.selenium.pom.tests.APITestCases -->
    </test> <!-- Regression1 -->
  </suite> <!-- Suite1 -->
</testng-results>
