<?xml version="1.0" encoding="UTF-8"?>
<testsuite xmlns:xsi="http://www.w3.org/2001/XMLSchema-instance" xsi:noNamespaceSchemaLocation="https://maven.apache.org/surefire/maven-surefire-plugin/xsd/surefire-test-report-3.0.xsd" version="3.0" name="TestSuite" time="16.832" tests="4" errors="0" skipped="0" failures="0">
  <properties>
[...]
</properties>
  <testcase name="CRUDForCatalog" classname="org.selenium.pom.tests.APITestCases" time="11.39">
    <system-out><![CDATA[Headers:		authority=api-gateway.payclip.com
				accept=application/vnd.com.payclip.v1+json
				accept-language=es-US,es;q=0.9
				Content-Type=application/json
Body:
{
    "email": "alextopeteperea@gmail.com",
    "password": "ATP150493i",
    "type": "LOGIN",
    "source": "M_DASHBOARD"
}
HTTP/1.1 200 OK
Date: Thu, 25 Jan 2024 19:32:24 GMT
Content-Type: application/vnd.com.payclip.v1+json;charset=UTF-8
Content-Length: 293
Connection: keep-alive
Access-Control-Allow-Headers: Content-Type, Content-Length, Accept-Encoding, X-CSRF-Token, Authorization, accept, origin, Cache-Control, X-Requested-With
Access-Control-Allow-Methods: POST, OPTIONS, GET, PUT
Access-Control-Allow-Origin: https://lending.clip.mx, https://dashboard.clip.mx, https://minegocio.clip.mx, https://factura-tu-clip.clip.mx, https://completa-tu-pago.payclip.com, https://clip.mx, https://coupons.payclip.com, https://dashboard.developer.clip.mx, https://dashboard-mfe.clip.mx, https://mf-merchant-dashboard.clip.mx, https://completa-tu-pago3.payclip.com, https://tienda.clip.mx, https://prod-web-onboarding.payclip.com, https://mfe-react-support.payclip.com, https://mfe-mobile-payment-options.payclip.com, https://mfe-business-information.payclip.com, https://mfe-transaction-details.payclip.com, https://pago.clip.mx
Cache-Control: no-cache, no-store, max-age=0, must-revalidate
Expires: 0
Pragma: no-cache
Vary: Origin
X-Xss-Protection: 1; mode=block
Strict-Transport-Security: max-age=31536000; includeSubDomains; preload;
X-Frame-Options: DENY
X-Content-Type-Options: nosniff
CF-Cache-Status: DYNAMIC
Set-Cookie: __cf_bm=BwCD0agD8doMNOwAqkmozA_fk1mkt2PiId.1gPwWpOs-1706211144-1-ATpVk1Px3LbOl03Wnl+jyfwPqW2Aop5HYSns+7O8TtWik03YJ4ds8nYbn4gcE9QcJKLSUu/Yr7dp7OFOZxwvYPs=; path=/; expires=Thu, 25-Jan-24 20:02:24 GMT; domain=.payclip.com; HttpOnly; Secure; SameSite=None
Server: cloudflare
CF-RAY: 84b2f1259f2521b8-GDL

{
    "access_token": "eyJ0eXAiOiJKV1QiLCJhbGciOiJIUzI1NiJ9.eyJpZG4iOiIse3ExMk00ZTN-b0A2X3VCIiwiaGtpIjoxLCJleHAiOjE3MDkyMzUxNDQsImlhdCI6MTcwNjIxMTE0NH0.wIUo4AzUvpJttfypT0ZYbHLy63lb3MIs5eCqL3D2j7A",
    "country": "MX",
    "app_version_check": {
        "status": "ALLOWED",
        "not_allowed_from": "NA"
    },
    "days_until_exp": null
}
Headers:		accept=application/vnd.com.payclip.v1+json
				accept-language=es-US,es;q=0.9
				authorization=eyJ0eXAiOiJKV1QiLCJhbGciOiJIUzI1NiJ9.eyJpZG4iOiIse3ExMk00ZTN-b0A2X3VCIiwiaGtpIjoxLCJleHAiOjE3MDkyMzUxNDQsImlhdCI6MTcwNjIxMTE0NH0.wIUo4AzUvpJttfypT0ZYbHLy63lb3MIs5eCqL3D2j7A
				Content-Type=application/json
Body:
{
    "product_name": "Test product",
    "description": "Test description for product",
    "price": 78,
    "stock": null,
    "stock_alert": null,
    "modifiers": [
        
    ],
    "images": [
        
    ]
}
HTTP/1.1 200 OK
Date: Thu, 25 Jan 2024 19:32:29 GMT
Content-Type: application/json
Transfer-Encoding: chunked
Connection: keep-alive
x-amzn-RequestId: 5ba8e7d4-fb11-4e2d-8435-f94aa6cc5c39
access-control-allow-origin: *
x-amz-apigw-id: SHGUJGqBvHcF_qA=
access-control-allow-methods: GET, OPTIONS, POST, PATCH, DELETE
X-Amzn-Trace-Id: Root=1-65b2b74d-31d9d1e522c09e5471aa2ee7;Sampled=0;lineage=abf4b437:0|6ef8ccce:0
X-Cache: Miss from cloudfront
Via: 1.1 a5c7e4d4a78e8979df75640774711a60.cloudfront.net (CloudFront)
X-Amz-Cf-Pop: DFW56-P5
X-Amz-Cf-Id: 4XOyylIUOgRJ7ies3EaUMKzSithNZnieyrmz36FLhCeLY3sjAq4PnA==
CF-Cache-Status: DYNAMIC
Set-Cookie: __cf_bm=BGyFRVa4eq_uHizUI2uyPOQbYcHa4nNooV_Bx9V5pvU-1706211149-1-AUY2VK1H0jlaRHTma3ltVYotB0Pmcr+8VmkEkfc+Onz+C+y6Sqmd9dnnDaFII2o9iD5YxNPf9gAyUUrnrt6d4gA=; path=/; expires=Thu, 25-Jan-24 20:02:29 GMT; domain=.payclip.com; HttpOnly; Secure; SameSite=None
Server: cloudflare
CF-RAY: 84b2f143cc4d21a4-GDL
Content-Encoding: gzip

{
    "meta": {
        "type": "product"
    },
    "messages": [
        
    ],
    "data": {
        "product_id": "558fb631-d515-4a35-be43-98b8df4b044a",
        "product_name": "Test product",
        "description": "Test description for product",
        "image": null,
        "version": 1,
        "categories": [
            
        ],
        "modifiers": [
            
        ],
        "number_of_variants": 0,
        "stock": null,
        "sku": null,
        "price": 78.0,
        "attributes": [
            
        ],
        "images": [
            
        ]
    }
}
Body:			<none>
Headers:		accept=application/vnd.com.payclip.v1+json
				accept-language=es-US,es;q=0.9
				authorization=eyJ0eXAiOiJKV1QiLCJhbGciOiJIUzI1NiJ9.eyJpZG4iOiIse3ExMk00ZTN-b0A2X3VCIiwiaGtpIjoxLCJleHAiOjE3MDkyMzUxNDQsImlhdCI6MTcwNjIxMTE0NH0.wIUo4AzUvpJttfypT0ZYbHLy63lb3MIs5eCqL3D2j7A
HTTP/1.1 204 No Content
Date: Thu, 25 Jan 2024 19:32:30 GMT
Content-Type: application/json
Connection: keep-alive
x-amzn-RequestId: b59d5986-d518-4087-8688-8056839d7a2d
access-control-allow-origin: *
x-amz-apigw-id: SHGURHA1vHcFU9g=
access-control-allow-methods: GET, OPTIONS, POST, PATCH, DELETE
X-Amzn-Trace-Id: Root=1-65b2b74e-473f44071ed3f78132b92d4a;Sampled=1;lineage=6ef8ccce:0
X-Cache: Miss from cloudfront
Via: 1.1 bf7702d3cf05b203b6034c7c1d6f783c.cloudfront.net (CloudFront)
X-Amz-Cf-Pop: DFW56-P5
X-Amz-Cf-Id: 688eliacV7HVorifHVV504wHqcguRCjUgUUmPpukin8bvenYVXeosA==
CF-Cache-Status: DYNAMIC
Set-Cookie: __cf_bm=yEuklkN8x2SClLw6N0C44EeEp.U29crI1usi5WHj0xI-1706211150-1-AUzC2rVlzmT89kKjDS48bftroJE06qKx4p92tTuIGJK63lyPfb4rFmv0cqQbcmzTN6o9f5cJ/+13lcgzx4N4LAE=; path=/; expires=Thu, 25-Jan-24 20:02:30 GMT; domain=.payclip.com; HttpOnly; Secure; SameSite=None
Server: cloudflare
CF-RAY: 84b2f148ccbc21a7-GDL
]]></system-out>
    <system-err><![CDATA[SLF4J: No SLF4J providers were found.
SLF4J: Defaulting to no-operation (NOP) logger implementation
SLF4J: See https://www.slf4j.org/codes.html#noProviders for further details.
]]></system-err>
  </testcase>
  <testcase name="CategoriesExec" classname="org.selenium.pom.tests.APITestCases" time="1.114">
    <system-out><![CDATA[Headers:		authority=api-gateway.payclip.com
				accept=application/vnd.com.payclip.v1+json
				accept-language=es-US,es;q=0.9
				Content-Type=application/json
Body:
{
    "email": "alextopeteperea@gmail.com",
    "password": "ATP150493i",
    "type": "LOGIN",
    "source": "M_DASHBOARD"
}
HTTP/1.1 200 OK
Date: Thu, 25 Jan 2024 19:32:31 GMT
Content-Type: application/vnd.com.payclip.v1+json;charset=UTF-8
Content-Length: 293
Connection: keep-alive
Access-Control-Allow-Headers: Content-Type, Content-Length, Accept-Encoding, X-CSRF-Token, Authorization, accept, origin, Cache-Control, X-Requested-With
Access-Control-Allow-Methods: POST, OPTIONS, GET, PUT
Access-Control-Allow-Origin: https://lending.clip.mx, https://dashboard.clip.mx, https://minegocio.clip.mx, https://factura-tu-clip.clip.mx, https://completa-tu-pago.payclip.com, https://clip.mx, https://coupons.payclip.com, https://dashboard.developer.clip.mx, https://dashboard-mfe.clip.mx, https://mf-merchant-dashboard.clip.mx, https://completa-tu-pago3.payclip.com, https://tienda.clip.mx, https://prod-web-onboarding.payclip.com, https://mfe-react-support.payclip.com, https://mfe-mobile-payment-options.payclip.com, https://mfe-business-information.payclip.com, https://mfe-transaction-details.payclip.com, https://pago.clip.mx
Cache-Control: no-cache, no-store, max-age=0, must-revalidate
Expires: 0
Pragma: no-cache
Vary: Origin
X-Xss-Protection: 1; mode=block
Strict-Transport-Security: max-age=31536000; includeSubDomains; preload;
X-Frame-Options: DENY
X-Content-Type-Options: nosniff
CF-Cache-Status: DYNAMIC
Set-Cookie: __cf_bm=Nzj5NyDRuUllXdmxh7BcYxcVkY2RF8qIMhHdXaVWEiI-1706211151-1-AcSEcNCME2IDn9Bl7WJxqXDVPFeaOZHv8coEwuEv6pShmJQnPSm9ySJFWi/668b/zIoXTv6gX0Tn3VgE57kTqws=; path=/; expires=Thu, 25-Jan-24 20:02:31 GMT; domain=.payclip.com; HttpOnly; Secure; SameSite=None
Server: cloudflare
CF-RAY: 84b2f14bfc3f21a4-GDL

{
    "access_token": "eyJ0eXAiOiJKV1QiLCJhbGciOiJIUzI1NiJ9.eyJpZG4iOiJneng-SWV0TDRRYT5Aey08IiwiaGtpIjoxLCJleHAiOjE3MDkyMzUxNTEsImlhdCI6MTcwNjIxMTE1MX0.YQMTEO8u39e7r4DsmAKPlWeD19AbilKZQM6iGxrYvt8",
    "country": "MX",
    "app_version_check": {
        "status": "ALLOWED",
        "not_allowed_from": "NA"
    },
    "days_until_exp": null
}
Headers:		accept=application/vnd.com.payclip.v1+json
				accept-language=es-US,es;q=0.9
				authorization=eyJ0eXAiOiJKV1QiLCJhbGciOiJIUzI1NiJ9.eyJpZG4iOiJneng-SWV0TDRRYT5Aey08IiwiaGtpIjoxLCJleHAiOjE3MDkyMzUxNTEsImlhdCI6MTcwNjIxMTE1MX0.YQMTEO8u39e7r4DsmAKPlWeD19AbilKZQM6iGxrYvt8
HTTP/1.1 200 OK
Date: Thu, 25 Jan 2024 19:32:31 GMT
Content-Type: application/json
Transfer-Encoding: chunked
Connection: keep-alive
x-amzn-RequestId: eb235159-99b2-4f2a-9456-61169c9a6c8f
access-control-allow-origin: *
x-amz-apigw-id: SHGUcFvEPHcFd7w=
access-control-allow-methods: GET, OPTIONS, POST, PATCH, DELETE
X-Amzn-Trace-Id: Root=1-65b2b74f-3c152ef105959b92793442ca;Sampled=0;lineage=abf4b437:0|6ef8ccce:0
X-Cache: Miss from cloudfront
Via: 1.1 bf7702d3cf05b203b6034c7c1d6f783c.cloudfront.net (CloudFront)
X-Amz-Cf-Pop: DFW56-P5
X-Amz-Cf-Id: TOw7zqsx5ii3RUPQp_e8vbjiDGosGduKYe1x1xG_cNuONSCL--uRig==
CF-Cache-Status: DYNAMIC
Set-Cookie: __cf_bm=S9VYtv8Vo7aO6hBuBYtEafxnNSSZFOi65w6FykJRFhg-1706211151-1-ATQYViScF4LkGieTW6EulOK/1RexoWogGP+Ufu1pwA4TjvFSces4fLLWb+itfdt+wM8oURnvUsqHf/1duvQTRDY=; path=/; expires=Thu, 25-Jan-24 20:02:31 GMT; domain=.payclip.com; HttpOnly; Secure; SameSite=None
Server: cloudflare
CF-RAY: 84b2f14fbc9f21ae-GDL
Content-Encoding: gzip

{
    "messages": [
        
    ],
    "data": [
        {
            "category_id": "de7e02fd-fb1a-4ce6-bd9c-4f3862a3117c",
            "category_name": "Fitness",
            "description": null,
            "products": [
                
            ],
            "image": null
        },
        {
            "category_id": "af2f66d9-2adb-4eb8-b292-a43a0cc609db",
            "category_name": "Home",
            "description": null,
            "products": [
                
            ],
            "image": null
        }
    ],
    "meta": {
        "type": "category"
    }
}
]]></system-out>
  </testcase>
  <testcase name="EditInvoiceInformation" classname="org.selenium.pom.tests.APITestCases" time="0.905">
    <system-out><![CDATA[Headers:		authority=api-gateway.payclip.com
				accept=application/vnd.com.payclip.v1+json
				accept-language=es-US,es;q=0.9
				Content-Type=application/json
Body:
{
    "email": "alextopeteperea@gmail.com",
    "password": "ATP150493i",
    "type": "LOGIN",
    "source": "M_DASHBOARD"
}
HTTP/1.1 200 OK
Date: Thu, 25 Jan 2024 19:32:32 GMT
Content-Type: application/vnd.com.payclip.v1+json;charset=UTF-8
Content-Length: 293
Connection: keep-alive
Access-Control-Allow-Headers: Content-Type, Content-Length, Accept-Encoding, X-CSRF-Token, Authorization, accept, origin, Cache-Control, X-Requested-With
Access-Control-Allow-Methods: POST, OPTIONS, GET, PUT
Access-Control-Allow-Origin: https://lending.clip.mx, https://dashboard.clip.mx, https://minegocio.clip.mx, https://factura-tu-clip.clip.mx, https://completa-tu-pago.payclip.com, https://clip.mx, https://coupons.payclip.com, https://dashboard.developer.clip.mx, https://dashboard-mfe.clip.mx, https://mf-merchant-dashboard.clip.mx, https://completa-tu-pago3.payclip.com, https://tienda.clip.mx, https://prod-web-onboarding.payclip.com, https://mfe-react-support.payclip.com, https://mfe-mobile-payment-options.payclip.com, https://mfe-business-information.payclip.com, https://mfe-transaction-details.payclip.com, https://pago.clip.mx
Cache-Control: no-cache, no-store, max-age=0, must-revalidate
Expires: 0
Pragma: no-cache
Vary: Origin
X-Xss-Protection: 1; mode=block
Strict-Transport-Security: max-age=31536000; includeSubDomains; preload;
X-Frame-Options: DENY
X-Content-Type-Options: nosniff
CF-Cache-Status: DYNAMIC
Set-Cookie: __cf_bm=DhN5N73EruEoYFUsNKAX4QQakSiN62SXKjo25ZBW6tk-1706211152-1-AVwIoOuXJlsFDkkO6wJpt+DvtMbwvsSN/bWLAZQJn/i4571P40flgsDkOi0Lbf6BHV/7xPv9KxWTYmNGC9h/N3Y=; path=/; expires=Thu, 25-Jan-24 20:02:32 GMT; domain=.payclip.com; HttpOnly; Secure; SameSite=None
Server: cloudflare
CF-RAY: 84b2f152bc0321b6-GDL

{
    "access_token": "eyJ0eXAiOiJKV1QiLCJhbGciOiJIUzI1NiJ9.eyJpZG4iOiJAREJlenBLbXtLOSxAODE2IiwiaGtpIjoxLCJleHAiOjE3MDkyMzUxNTIsImlhdCI6MTcwNjIxMTE1Mn0.erbgMA10qQsbkl1SvcTnpWRcGjo2TGPPV_LMVtXYNDM",
    "country": "MX",
    "app_version_check": {
        "status": "ALLOWED",
        "not_allowed_from": "NA"
    },
    "days_until_exp": null
}
Body:
{
    "invoicing": {
        "tax_payer_id": "TOPA930415C93",
        "legal_entity_name": "ALEJANDRO TOPETE PEREA",
        "legal_entity_last_name": "",
        "legal_entity_second_last_name": "",
        "entity_type": "PHYSICAL",
        "fiscal_address_postal_code": "44210",
        "sat_tax_regime_code": "626",
        "sat_invoice_use_code": "G03"
    }
}
HTTP/1.1 200 OK
Date: Thu, 25 Jan 2024 19:32:32 GMT
Content-Type: application/json
Transfer-Encoding: chunked
Connection: keep-alive
x-amzn-RequestId: ff1ff51c-8ceb-4489-acac-e603882bda14
access-control-allow-origin: *
x-amz-apigw-id: SHGUmEUMPHcFRgQ=
access-control-allow-methods: GET, OPTIONS, POST, PATCH
X-Amzn-Trace-Id: Root=1-65b2b750-5fb84a1302bb10fe0569d8d0;Sampled=0;lineage=abf4b437:0|2282a96f:0
X-Cache: Miss from cloudfront
Via: 1.1 1e55614427beb2c9a53afc5f91022b80.cloudfront.net (CloudFront)
X-Amz-Cf-Pop: DFW56-P5
X-Amz-Cf-Id: FPuOE6wybfXXbxlyBifUdIPvWSzDrpLhas0R4YeaJUbtaMS0BW2TyA==
CF-Cache-Status: DYNAMIC
Set-Cookie: __cf_bm=dVvkvHdMr_Juwkrh5r5EExeXDQplPHJOp_DupdAsAzA-1706211152-1-Aa4Dr9+pmlGrWl8KHw9o53SrQICqxU8MUx75pEi+DElqmAhx2BFYZ5+nWODUacPYghkGz5z3hq85rLvGxi+Eq1Q=; path=/; expires=Thu, 25-Jan-24 20:02:32 GMT; domain=.payclip.com; HttpOnly; Secure; SameSite=None
Server: cloudflare
CF-RAY: 84b2f156093a21b3-GDL
Content-Encoding: gzip

{
    "tax_payer_id": "TOPA930415C93",
    "legal_entity_name": "ALEJANDRO TOPETE PEREA",
    "legal_entity_last_name": "",
    "legal_entity_second_last_name": "",
    "fiscal_address_postal_code": "44210",
    "sat_tax_regime_code": "626",
    "sat_tax_regime_description": "Régimen Simplificado de Confianza",
    "sat_invoice_use_code": "G03",
    "sat_invoice_use_description": "Gastos en general",
    "entity_type": "PHYSICAL"
}
]]></system-out>
  </testcase>
  <testcase name="LoginExec" classname="org.selenium.pom.tests.APITestCases" time="0.507">
    <system-out><![CDATA[Headers:		authority=api-gateway.payclip.com
				accept=application/vnd.com.payclip.v1+json
				accept-language=es-US,es;q=0.9
				Content-Type=application/json
Body:
{
    "email": "alextopeteperea@gmail.com",
    "password": "ATP150493i",
    "type": "LOGIN",
    "source": "M_DASHBOARD"
}
HTTP/1.1 200 OK
Date: Thu, 25 Jan 2024 19:32:33 GMT
Content-Type: application/vnd.com.payclip.v1+json;charset=UTF-8
Content-Length: 293
Connection: keep-alive
Access-Control-Allow-Headers: Content-Type, Content-Length, Accept-Encoding, X-CSRF-Token, Authorization, accept, origin, Cache-Control, X-Requested-With
Access-Control-Allow-Methods: POST, OPTIONS, GET, PUT
Access-Control-Allow-Origin: https://lending.clip.mx, https://dashboard.clip.mx, https://minegocio.clip.mx, https://factura-tu-clip.clip.mx, https://completa-tu-pago.payclip.com, https://clip.mx, https://coupons.payclip.com, https://dashboard.developer.clip.mx, https://dashboard-mfe.clip.mx, https://mf-merchant-dashboard.clip.mx, https://completa-tu-pago3.payclip.com, https://tienda.clip.mx, https://prod-web-onboarding.payclip.com, https://mfe-react-support.payclip.com, https://mfe-mobile-payment-options.payclip.com, https://mfe-business-information.payclip.com, https://mfe-transaction-details.payclip.com, https://pago.clip.mx
Cache-Control: no-cache, no-store, max-age=0, must-revalidate
Expires: 0
Pragma: no-cache
Vary: Origin
X-Xss-Protection: 1; mode=block
Strict-Transport-Security: max-age=31536000; includeSubDomains; preload;
X-Frame-Options: DENY
X-Content-Type-Options: nosniff
CF-Cache-Status: DYNAMIC
Set-Cookie: __cf_bm=FpHOQFyIvw4V29VsxgAKhAKuqtWMINCAU9BKlED_dQI-1706211153-1-AaOZQEZVRPUUlyGG47f/ihcg2ht5PhhZWq4tSqbs4txs8Y4pRYJy3NKTGpzCNWWgWXnnm4mXnAWeIBclYpkbr4k=; path=/; expires=Thu, 25-Jan-24 20:02:33 GMT; domain=.payclip.com; HttpOnly; Secure; SameSite=None
Server: cloudflare
CF-RAY: 84b2f1586ecd21b0-GDL

{
    "access_token": "eyJ0eXAiOiJKV1QiLCJhbGciOiJIUzI1NiJ9.eyJpZG4iOiIwP3Vmdn5rLH4meXgoU0deIiwiaGtpIjoxLCJleHAiOjE3MDkyMzUxNTIsImlhdCI6MTcwNjIxMTE1Mn0.BcjxArqykGS8LwyaM2Ifb1ld-KL6sJPX6YpfntLiY5w",
    "country": "MX",
    "app_version_check": {
        "status": "ALLOWED",
        "not_allowed_from": "NA"
    },
    "days_until_exp": null
}
]]></system-out>
  </testcase>
</testsuite>